19-Jul-17 10:08:12 AM : Starting build of Index : W:\SA-edited pdfs\cwsa for web 21-01-2014\cwsa.pdx
19-Jul-17 10:08:12 AM : Searching : W:\SA-edited pdfs\cwsa for web 21-01-2014\
19-Jul-17 10:08:19 AM : Could not open document : W:\SA-edited pdfs\cwsa for web 21-01-2014\14VedicAndPhilologicalStudies.pdf-Adobe PDF for Press.joboptions
19-Jul-17 10:08:31 AM : Indexing 30 files
19-Jul-17 10:08:31 AM : Extracting : W:\SA-edited pdfs\cwsa for web 21-01-2014\01EarlyCulturalWritings.pdf
19-Jul-17 10:08:46 AM : Extracting : W:\SA-edited pdfs\cwsa for web 21-01-2014\02CollectedPoems.pdf
19-Jul-17 10:08:58 AM : Extracting : W:\SA-edited pdfs\cwsa for web 21-01-2014\03-04CollectedPlaysAndStories.pdf
19-Jul-17 10:09:09 AM : Extracting : W:\SA-edited pdfs\cwsa for web 21-01-2014\05Translations.pdf
19-Jul-17 10:09:17 AM : Extracting : W:\SA-edited pdfs\cwsa for web 21-01-2014\06-07BandeMataram.pdf
19-Jul-17 10:09:38 AM : Extracting : W:\SA-edited pdfs\cwsa for web 21-01-2014\08Karmayogin.pdf
19-Jul-17 10:09:48 AM : Extracting : W:\SA-edited pdfs\cwsa for web 21-01-2014\09WritingsInBengaliAndSanskrit.pdf
19-Jul-17 10:10:13 AM : Extracting : W:\SA-edited pdfs\cwsa for web 21-01-2014\10-11RecordOfYoga.pdf
19-Jul-17 10:10:39 AM : Extracting : W:\SA-edited pdfs\cwsa for web 21-01-2014\12EssaysDivineAndHuman.pdf
19-Jul-17 10:10:47 AM : Extracting : W:\SA-edited pdfs\cwsa for web 21-01-2014\13EssaysInPhilosophyAndYoga.pdf
19-Jul-17 10:10:57 AM : Extracting : W:\SA-edited pdfs\cwsa for web 21-01-2014\14VedicAndPhilologicalStudies.pdf
19-Jul-17 10:11:12 AM : Extracting : W:\SA-edited pdfs\cwsa for web 21-01-2014\15TheSecretOfTheVeda.pdf
19-Jul-17 10:11:23 AM : Extracting : W:\SA-edited pdfs\cwsa for web 21-01-2014\16HymnsToTheMysticFire.pdf
19-Jul-17 10:11:39 AM : Extracting : W:\SA-edited pdfs\cwsa for web 21-01-2014\17IshaUpanishad.pdf
19-Jul-17 10:11:50 AM : Extracting : W:\SA-edited pdfs\cwsa for web 21-01-2014\18KenaAndOtherUpanishads.pdf
19-Jul-17 10:11:58 AM : Extracting : W:\SA-edited pdfs\cwsa for web 21-01-2014\19EssaysOnTheGita.pdf
19-Jul-17 10:12:09 AM : Extracting : W:\SA-edited pdfs\cwsa for web 21-01-2014\20TheRenaissanceInIndia.pdf
19-Jul-17 10:12:18 AM : Extracting : W:\SA-edited pdfs\cwsa for web 21-01-2014\21-22TheLifeDivine.pdf
19-Jul-17 10:12:39 AM : Extracting : W:\SA-edited pdfs\cwsa for web 21-01-2014\23-24TheSynthesisOfYoga.pdf
19-Jul-17 10:12:56 AM : Extracting : W:\SA-edited pdfs\cwsa for web 21-01-2014\25TheHumanCycle.pdf
19-Jul-17 10:13:09 AM : Extracting : W:\SA-edited pdfs\cwsa for web 21-01-2014\26TheFuturePoetry.pdf
19-Jul-17 10:13:16 AM : Extracting : W:\SA-edited pdfs\cwsa for web 21-01-2014\27LettersOnPoetryAndArt.pdf
19-Jul-17 10:13:30 AM : Extracting : W:\SA-edited pdfs\cwsa for web 21-01-2014\28LettersOnYoga-I.pdf
19-Jul-17 10:13:39 AM : Extracting : W:\SA-edited pdfs\cwsa for web 21-01-2014\29LettersOnYoga-II.pdf
19-Jul-17 10:13:48 AM : Extracting : W:\SA-edited pdfs\cwsa for web 21-01-2014\30LettersOnYoga-III.pdf
19-Jul-17 10:13:56 AM : Extracting : W:\SA-edited pdfs\cwsa for web 21-01-2014\31LettersOnYoga-IV.pdf
19-Jul-17 10:14:10 AM : Extracting : W:\SA-edited pdfs\cwsa for web 21-01-2014\32TheMotherWithLettersOnTheMother.pdf
19-Jul-17 10:14:23 AM : Extracting : W:\SA-edited pdfs\cwsa for web 21-01-2014\33-34Savitri.pdf
19-Jul-17 10:14:34 AM : Extracting : W:\SA-edited pdfs\cwsa for web 21-01-2014\35LettersOnHimselfAndTheAshram.pdf
19-Jul-17 10:14:49 AM : Extracting : W:\SA-edited pdfs\cwsa for web 21-01-2014\36AutobiographicalNotes.pdf
19-Jul-17 10:15:00 AM : Creating Index
19-Jul-17 10:18:10 AM :   Total PDF files in all directories : 31
19-Jul-17 10:18:10 AM :   Total PDF attachments : 0
19-Jul-17 10:18:10 AM :   Total new files : 30
19-Jul-17 10:18:10 AM :   Total pages indexed : 22089
19-Jul-17 10:18:10 AM :   Total number of files skipped : 1
19-Jul-17 10:18:10 AM :   Total deleted files : 0
19-Jul-17 10:18:10 AM : Index build successful.
